2025-08-12 18:18:34 Loading main app package /opt/Obsidian/resources/obsidian.asar
2025-08-12 18:18:35 Checking for update using Github
2025-08-12 18:18:35 Success.
2025-08-12 18:18:35 Latest version is 1.8.10
2025-08-12 18:18:35 App is up to date.
2025-08-12 18:19:26 Loading main app package /opt/Obsidian/resources/obsidian.asar
2025-08-12 18:19:26 Checking for update using Github
2025-08-12 18:19:42 Loading main app package /opt/Obsidian/resources/obsidian.asar
2025-08-12 18:19:42 Checking for update using Github
2025-08-12 18:20:30 Loading main app package /opt/Obsidian/resources/obsidian.asar
2025-08-12 18:20:30 Checking for update using Github
2025-08-12 18:20:30 Success.
2025-08-12 18:20:30 Latest version is 1.8.10
2025-08-12 18:20:30 App is up to date.
2025-08-12 18:20:55 Loading main app package /opt/Obsidian/resources/obsidian.asar
2025-08-12 18:20:55 Checking for update using Github
2025-08-12 18:24:50 Loading main app package /opt/Obsidian/resources/obsidian.asar
2025-08-12 18:24:50 Checking for update using Github
2025-08-12 18:24:51 Success.
2025-08-12 18:24:51 Latest version is 1.8.10
2025-08-12 18:24:51 App is up to date.
2025-08-15 11:48:55 Loading main app package /opt/Obsidian/resources/obsidian.asar
2025-08-15 11:48:55 Checking for update using Github
2025-08-15 11:48:56 Success.
2025-08-15 11:48:56 Latest version is 1.8.10
2025-08-15 11:48:56 App is up to date.
2025-08-15 11:49:20 Loading main app package /opt/Obsidian/resources/obsidian.asar
2025-08-15 11:49:20 Checking for update using Github
2025-08-15 11:50:01 Loading main app package /opt/Obsidian/resources/obsidian.asar
2025-08-15 11:50:01 Checking for update using Github
2025-08-15 11:50:23 Loading main app package /opt/Obsidian/resources/obsidian.asar
2025-08-15 11:50:23 Checking for update using Github
2025-08-15 11:50:28 Loading main app package /opt/Obsidian/resources/obsidian.asar
2025-08-15 11:50:28 Checking for update using Github
2025-08-15 11:51:05 Checking for update using Github
2025-08-15 11:51:05 Success.
2025-08-15 11:51:05 Latest version is 1.8.10
2025-08-15 11:51:05 App is up to date.
2025-08-15 14:50:48 Checking for update using Github
2025-08-15 14:50:48 Success.
2025-08-15 14:50:48 Latest version is 1.8.10
2025-08-15 14:50:48 App is up to date.
2025-08-15 15:50:48 Checking for update using Github
2025-08-15 15:50:48 Success.
2025-08-15 15:50:48 Latest version is 1.8.10
2025-08-15 15:50:48 App is up to date.
2025-08-17 11:45:22 Loading main app package /opt/Obsidian/resources/obsidian.asar
2025-08-17 11:45:22 Checking for update using Github
2025-08-17 11:45:22 Success.
2025-08-17 11:45:22 Latest version is 1.8.10
2025-08-17 11:45:22 App is up to date.
2025-08-17 11:56:48 Loading main app package /opt/Obsidian/resources/obsidian.asar
2025-08-17 11:56:48 Checking for update using Github
2025-08-17 11:56:48 Success.
2025-08-17 11:56:48 Latest version is 1.8.10
2025-08-17 11:56:48 App is up to date.
2025-08-17 12:56:48 Checking for update using Github
2025-08-17 12:56:48 Success.
2025-08-17 12:56:48 Latest version is 1.8.10
2025-08-17 12:56:48 App is up to date.
2025-08-18 12:48:15 Loading main app package /opt/Obsidian/resources/obsidian.asar
2025-08-18 12:48:15 Checking for update using Github
2025-08-18 12:48:15 Success.
2025-08-18 12:48:15 Latest version is 1.8.10
2025-08-18 12:48:15 App is up to date.
2025-08-18 12:48:36 Loading main app package /opt/Obsidian/resources/obsidian.asar
2025-08-18 12:48:36 Checking for update using Github
2025-08-18 12:49:03 Loading main app package /opt/Obsidian/resources/obsidian.asar
2025-08-18 12:49:03 Checking for update using Github
2025-08-18 13:48:15 Checking for update using Github
2025-08-18 13:48:15 Success.
2025-08-18 13:48:15 Latest version is 1.8.10
2025-08-18 13:48:15 App is up to date.
